c:\users\home\desktop\zadania\blackjack\x64\debug\vc143.pdb
c:\users\home\desktop\zadania\blackjack\x64\debug\.netframework,version=v4.7.2.assemblyattributes.obj
c:\users\home\desktop\zadania\blackjack\x64\debug\main.obj
c:\users\home\desktop\zadania\blackjack\x64\debug\myform.obj
c:\users\home\desktop\zadania\blackjack\x64\debug\hand.obj
c:\users\home\desktop\zadania\blackjack\x64\debug\deck.obj
c:\users\home\desktop\zadania\blackjack\x64\debug\card.obj
c:\users\home\desktop\zadania\blackjack\x64\debug\blackjackgame.obj
c:\users\home\desktop\zadania\blackjack\x64\debug\blackjack.exe
c:\users\home\desktop\zadania\blackjack\x64\debug\blackjack.pdb
c:\users\home\desktop\zadania\blackjack\x64\debug\blackjack.obj
c:\users\home\desktop\zadania\blackjack\x64\debug\blackjack.exe.metagen
c:\users\home\desktop\zadania\blackjack\x64\debug\blackjack.tlog\cl.command.1.tlog
c:\users\home\desktop\zadania\blackjack\x64\debug\blackjack.tlog\cl.items.tlog
c:\users\home\desktop\zadania\blackjack\x64\debug\blackjack.tlog\cl.read.1.tlog
c:\users\home\desktop\zadania\blackjack\x64\debug\blackjack.tlog\cl.write.1.tlog
c:\users\home\desktop\zadania\blackjack\x64\debug\blackjack.tlog\link.command.1.tlog
c:\users\home\desktop\zadania\blackjack\x64\debug\blackjack.tlog\link.read.1.tlog
c:\users\home\desktop\zadania\blackjack\x64\debug\blackjack.tlog\link.write.1.tlog
c:\users\home\desktop\zadania\blackjack\x64\debug\blackjack.tlog\metagen.read.1.tlog
c:\users\home\desktop\zadania\blackjack\x64\debug\blackjack.tlog\metagen.write.1.tlog
c:\users\home\desktop\zadania\blackjack\x64\debug\blackjack.tlog\resgen.command.1.tlog
c:\users\home\desktop\zadania\blackjack\x64\debug\blackjack.tlog\resgen.read.1.tlog
c:\users\home\desktop\zadania\blackjack\x64\debug\blackjack.tlog\resgen.write.1.tlog
